<?xml version="1.0" encoding="UTF-8" ?>
<testsuite errors="1" failures="0" hostname="MIS" name="NewBuyerTest" skipped="0" tests="1" time="1.879" timestamp="2024-07-29T08:31:48">
  <properties>
    <property name="ant.library.dir" value="C:\Apache\apache-ant-1.10.14\lib" />
    <property name="ant.file.type" value="file" />
    <property name="java.specification.version" value="22" />
    <property name="ant.project.name" value="BillingManagementSystem" />
    <property name="sun.cpu.isalist" value="amd64" />
    <property name="sun.jnu.encoding" value="Cp1252" />
    <property name="java.class.path" value="C:\Users\PC\OneDrive\Documents\NetBeansProjects\Billing Management System\lib\AbsoluteLayout-RELEASE220.jar;C:\Users\PC\OneDrive\Documents\NetBeansProjects\Billing Management System\lib\byte-buddy-1.11.22.jar;C:\Users\PC\OneDrive\Documents\NetBeansProjects\Billing Management System\lib\hamcrest-core-1.3.jar;C:\Users\PC\OneDrive\Documents\NetBeansProjects\Billing Management System\lib\junit-4.13.2.jar;C:\Users\PC\OneDrive\Documents\NetBeansProjects\Billing Management System\lib\mockito-core-5.12.0.jar;C:\Users\PC\OneDrive\Documents\NetBeansProjects\Billing Management System\lib\objenesis-3.2.jar;C:\Users\PC\OneDrive\Documents\NetBeansProjects\Billing Management System\lib\rs2xml.jar;C:\Users\PC\OneDrive\Documents\NetBeansProjects\Billing Management System\build\classes;C:\Users\PC\OneDrive\Documents\NetBeansProjects\Billing Management System\build\test-classes;C:\Apache\apache-ant-1.10.14\lib\ant-launcher.jar;C:\Apache\apache-ant-1.10.14\lib\ant.jar;C:\Apache\apache-ant-1.10.14\lib\ant-junit.jar;C:\Apache\apache-ant-1.10.14\lib\ant-junit4.jar" />
    <property name="java.vm.vendor" value="Oracle Corporation" />
    <property name="sun.arch.data.model" value="64" />
    <property name="user.variant" value="" />
    <property name="java.vendor.url" value="https://java.oracle.com/" />
    <property name="java.vm.specification.version" value="22" />
    <property name="os.name" value="Windows 10" />
    <property name="sun.java.launcher" value="SUN_STANDARD" />
    <property name="user.country" value="US" />
    <property name="sun.boot.library.path" value="C:\Program Files\Java\jdk-22\bin" />
    <property name="sun.java.command" value="org.apache.tools.ant.taskdefs.optional.junit.JUnitTestRunner NewBuyerTest skipNonTests=false filtertrace=true haltOnError=false haltOnFailure=true formatter=org.apache.tools.ant.taskdefs.optional.junit.SummaryJUnitResultFormatter showoutput=false outputtoformatters=true logfailedtests=true threadid=0 logtestlistenerevents=false formatter=org.apache.tools.ant.taskdefs.optional.junit.PlainJUnitResultFormatter,C:\Users\PC\OneDrive\Documents\NetBeansProjects\Billing Management System\TEST-NewBuyerTest.txt formatter=org.apache.tools.ant.taskdefs.optional.junit.XMLJUnitResultFormatter,C:\Users\PC\OneDrive\Documents\NetBeansProjects\Billing Management System\TEST-NewBuyerTest.xml crashfile=C:\Users\PC\OneDrive\Documents\NetBeansProjects\Billing Management System\junitvmwatcher41649070801343774.properties propsfile=C:\Users\PC\OneDrive\Documents\NetBeansProjects\Billing Management System\junit7329388088051250607.properties" />
    <property name="jdk.debug" value="release" />
    <property name="sun.cpu.endian" value="little" />
    <property name="test.dir" value="test" />
    <property name="user.home" value="C:\Users\PC" />
    <property name="user.language" value="en" />
    <property name="java.specification.vendor" value="Oracle Corporation" />
    <property name="java.version.date" value="2024-04-16" />
    <property name="java.home" value="C:\Program Files\Java\jdk-22" />
    <property name="basedir" value="C:\Users\PC\OneDrive\Documents\NetBeansProjects\Billing Management System" />
    <property name="file.separator" value="\" />
    <property name="java.vm.compressedOopsMode" value="32-bit" />
    <property name="line.separator" value="&#xd;&#xa;" />
    <property name="ant.java.version" value="22" />
    <property name="java.specification.name" value="Java Platform API Specification" />
    <property name="java.vm.specification.vendor" value="Oracle Corporation" />
    <property name="user.script" value="" />
    <property name="sun.management.compiler" value="HotSpot 64-Bit Tiered Compilers" />
    <property name="java.runtime.version" value="22.0.1+8-16" />
    <property name="user.name" value="PC" />
    <property name="ant.file" value="C:\Users\PC\OneDrive\Documents\NetBeansProjects\Billing Management System\build.xml" />
    <property name="stdout.encoding" value="Cp1252" />
    <property name="path.separator" value=";" />
    <property name="os.version" value="10.0" />
    <property name="ant.file.BillingManagementSystem" value="C:\Users\PC\OneDrive\Documents\NetBeansProjects\Billing Management System\build.xml" />
    <property name="java.runtime.name" value="Java(TM) SE Runtime Environment" />
    <property name="file.encoding" value="UTF-8" />
    <property name="ant.project.invoked-targets" value="clean,run-tests" />
    <property name="java.vm.name" value="Java HotSpot(TM) 64-Bit Server VM" />
    <property name="build.dir" value="build" />
    <property name="ant.core.lib" value="C:\Apache\apache-ant-1.10.14\lib\ant.jar" />
    <property name="java.vendor.url.bug" value="https://bugreport.java.com/bugreport/" />
    <property name="java.io.tmpdir" value="C:\Users\PC\AppData\Local\Temp\" />
    <property name="java.version" value="22.0.1" />
    <property name="user.dir" value="C:\Users\PC\OneDrive\Documents\NetBeansProjects\Billing Management System" />
    <property name="os.arch" value="amd64" />
    <property name="ant.file.type.BillingManagementSystem" value="file" />
    <property name="java.vm.specification.name" value="Java Virtual Machine Specification" />
    <property name="ant.home" value="C:\Apache\apache-ant-1.10.14" />
    <property name="lib.dir" value="lib" />
    <property name="sun.os.patch.level" value="" />
    <property name="native.encoding" value="Cp1252" />
    <property name="ant.version" value="Apache Ant(TM) version 1.10.14 compiled on August 16 2023" />
    <property name="java.library.path" value="C:\Program Files\Java\jdk-22\bin;C:\Windows\Sun\Java\bin;C:\Windows\system32;C:\Windows;C:\Program Files\Common Files\Oracle\Java\javapath;C:\Windows\system32;C:\Windows;C:\Windows\System32\Wbem;C:\Windows\System32\WindowsPowerShell\v1.0\;C:\Program Files\dotnet\;C:\Apache\apache-ant-1.10.14\bin;C:\Users\PC\.dotnet\tools;." />
    <property name="java.vendor" value="Oracle Corporation" />
    <property name="stderr.encoding" value="Cp1252" />
    <property name="java.vm.info" value="mixed mode, sharing" />
    <property name="java.vm.version" value="22.0.1+8-16" />
    <property name="sun.io.unicode.encoding" value="UnicodeLittle" />
    <property name="java.class.version" value="66.0" />
    <property name="src.dir" value="src" />
    <property name="ant.project.default-target" value="compile" />
  </properties>
  <testcase classname="NewBuyerTest" name="testSaveButtonAction" time="1.214">
    <error message="Could not initialize plugin: interface org.mockito.plugins.MockMaker (alternate: null)" type="java.lang.IllegalStateException">java.lang.IllegalStateException: Could not initialize plugin: interface org.mockito.plugins.MockMaker (alternate: null)
	at org.mockito.internal.configuration.plugins.PluginLoader$1.invoke(PluginLoader.java:85)
	at jdk.proxy2/jdk.proxy2.$Proxy7.isTypeMockable(Unknown Source)
	at org.mockito.internal.util.MockUtil.typeMockabilityOf(MockUtil.java:78)
	at org.mockito.internal.util.MockCreationValidator.validateType(MockCreationValidator.java:22)
	at org.mockito.internal.creation.MockSettingsImpl.validatedSettings(MockSettingsImpl.java:275)
	at org.mockito.internal.creation.MockSettingsImpl.build(MockSettingsImpl.java:236)
	at org.mockito.internal.MockitoCore.mock(MockitoCore.java:82)
	at org.mockito.Mockito.mock(Mockito.java:2104)
	at org.mockito.Mockito.mock(Mockito.java:2019)
	at NewBuyerTest.setUp(Unknown Source)
	at java.base/jdk.internal.reflect.DirectMethodHandleAccessor.invoke(DirectMethodHandleAccessor.java:103)
Caused by: java.lang.IllegalStateException: Internal problem occurred, please report it. Mockito is unable to load the default implementation of class that is a part of Mockito distribution. Failed to load interface org.mockito.plugins.MockMaker
	at org.mockito.internal.configuration.plugins.DefaultMockitoPlugins.create(DefaultMockitoPlugins.java:105)
	at org.mockito.internal.configuration.plugins.DefaultMockitoPlugins.getDefaultPlugin(DefaultMockitoPlugins.java:79)
	at org.mockito.internal.configuration.plugins.PluginLoader.loadPlugin(PluginLoader.java:75)
	at org.mockito.internal.configuration.plugins.PluginLoader.loadPlugin(PluginLoader.java:49)
	at org.mockito.internal.configuration.plugins.PluginRegistry.&lt;init&gt;(PluginRegistry.java:29)
	at org.mockito.internal.configuration.plugins.Plugins.&lt;clinit&gt;(Plugins.java:26)
	at org.mockito.internal.configuration.GlobalConfiguration.tryGetPluginAnnotationEngine(GlobalConfiguration.java:50)
	at org.mockito.MockitoAnnotations.openMocks(MockitoAnnotations.java:80)
	at org.mockito.MockitoAnnotations.initMocks(MockitoAnnotations.java:99)
Caused by: java.lang.reflect.InvocationTargetException
	at java.base/jdk.internal.reflect.DirectConstructorHandleAccessor.newInstance(DirectConstructorHandleAccessor.java:74)
	at java.base/java.lang.reflect.Constructor.newInstanceWithCaller(Constructor.java:502)
	at java.base/java.lang.reflect.Constructor.newInstance(Constructor.java:486)
	at org.mockito.internal.configuration.plugins.DefaultMockitoPlugins.create(DefaultMockitoPlugins.java:103)
Caused by: org.mockito.exceptions.base.MockitoInitializationException: 
Could not initialize inline Byte Buddy mock maker.


It seems like you are running Mockito with an incomplete or inconsistent class path. Byte Buddy Agent could not be loaded.

Byte Buddy Agent is available on Maven Central as &apos;net.bytebuddy:byte-buddy-agent&apos; with the module name &apos;net.bytebuddy.agent&apos;.
Normally, your IDE or build tool (such as Maven or Gradle) should take care of your class path completion but 
Java               : 22
JVM vendor name    : Oracle Corporation
JVM vendor version : 22.0.1+8-16
JVM name           : Java HotSpot(TM) 64-Bit Server VM
JVM version        : 22.0.1+8-16
JVM info           : mixed mode, sharing
OS name            : Windows 10
OS version         : 10.0

	at org.mockito.internal.creation.bytebuddy.InlineDelegateByteBuddyMockMaker.&lt;init&gt;(InlineDelegateByteBuddyMockMaker.java:260)
	at org.mockito.internal.creation.bytebuddy.InlineByteBuddyMockMaker.&lt;init&gt;(InlineByteBuddyMockMaker.java:23)
	at java.base/jdk.internal.reflect.DirectConstructorHandleAccessor.newInstance(DirectConstructorHandleAccessor.java:62)
Caused by: java.lang.NoClassDefFoundError: net/bytebuddy/agent/ByteBuddyAgent
	at org.mockito.internal.creation.bytebuddy.InlineDelegateByteBuddyMockMaker.&lt;clinit&gt;(InlineDelegateByteBuddyMockMaker.java:133)
Caused by: java.lang.ClassNotFoundException: net.bytebuddy.agent.ByteBuddyAgent
	at java.base/jdk.internal.loader.BuiltinClassLoader.loadClass(BuiltinClassLoader.java:641)
	at java.base/jdk.internal.loader.ClassLoaders$AppClassLoader.loadClass(ClassLoaders.java:188)
	at java.base/java.lang.ClassLoader.loadClass(ClassLoader.java:525)
</error>
  </testcase>
  <system-out><![CDATA[]]></system-out>
  <system-err><![CDATA[]]></system-err>
</testsuite>
